<?xml version='1.0' encoding='UTF-8'?>
<testsuite hostname="yaodchendeMBP" name="edu.neu.coe.csye7200.asstwc.WebCrawlerSpec" tests="7" errors="0" failures="0" skipped="0" time="6.143" timestamp="2021-03-21T21:24:13">
                     <properties>
[...]
</properties>
                     <testcase classname="edu.neu.coe.csye7200.asstwc.WebCrawlerSpec" name="getURLContent should succeed for http://www1.coe.neu.edu/~rhillyard/indexSafe.html" time="0.646">
                                                 
                                               </testcase><testcase classname="edu.neu.coe.csye7200.asstwc.WebCrawlerSpec" name="wget(URL) should succeed for http://www1.coe.neu.edu/~rhillyard/indexSafe.html" time="0.438">
                                                 
                                               </testcase><testcase classname="edu.neu.coe.csye7200.asstwc.WebCrawlerSpec" name="wget(URL) should not succeed for http://www1.coe.neu.edu/junk" time="0.093">
                                                 
                                               </testcase><testcase classname="edu.neu.coe.csye7200.asstwc.WebCrawlerSpec" name="wget(URL) should not succeed for http://www1.coe.neu.edu/~rhillyard/indexSafe.html" time="0.004">
                                                 
                                               </testcase><testcase classname="edu.neu.coe.csye7200.asstwc.WebCrawlerSpec" name="wget(Seq[URL]) should succeed for http://www1.coe.neu.edu/~rhillyard/indexSafe.html, http://www.google.com/" time="0.319">
                                                 
                                               </testcase><testcase classname="edu.neu.coe.csye7200.asstwc.WebCrawlerSpec" name="filterAndFlatten should work" time="0.794">
                                                 
                                               </testcase><testcase classname="edu.neu.coe.csye7200.asstwc.WebCrawlerSpec" name="crawler(Seq[URL]) should succeed for http://www1.coe.neu.edu/~rhillyard/indexSafe.html, depth 2" time="3.849">
                                                 
                                               </testcase>
                     <system-out><![CDATA[]]></system-out>
                     <system-err><![CDATA[]]></system-err>
                   </testsuite>